c:\su\cse687\code\widgetfactory\widgetfactory\debug\vc120.pdb
c:\su\cse687\code\widgetfactory\widgetfactory\debug\vc120.idb
c:\su\cse687\code\widgetfactory\widgetfactory\debug\client.obj
c:\su\cse687\code\widgetfactory\widgetfactory\debug\widget1.obj
c:\su\cse687\code\widgetfactory\widgetfactory\debug\widget2.obj
c:\su\cse687\code\widgetfactory\widgetfactory\debug\widget3.obj
c:\su\cse687\code\widgetfactory\widgetfactory\debug\widgetfactory.obj
c:\su\repository\cpp\objectfactories\widgetfactory\widgetfactory\debug\vc141.pdb
c:\su\repository\cpp\objectfactories\widgetfactory\widgetfactory\debug\vc141.idb
c:\su\repository\cpp\objectfactories\widgetfactory\widgetfactory\debug\widgetfactory.obj
c:\su\repository\cpp\objectfactories\widgetfactory\widgetfactory\debug\widget3.obj
c:\su\repository\cpp\objectfactories\widgetfactory\widgetfactory\debug\widget2.obj
c:\su\repository\cpp\objectfactories\widgetfactory\widgetfactory\debug\widget1.obj
c:\su\repository\cpp\objectfactories\widgetfactory\widgetfactory\debug\client.obj
c:\su\cse687\code\widgetfactory\debug\widgetfactory.ilk
c:\su\cse687\code\widgetfactory\debug\widgetfactory.exe
c:\su\cse687\code\widgetfactory\debug\widgetfactory.pdb
c:\su\repository\cpp\objectfactories\widgetfactory\debug\widgetfactory.ilk
c:\su\repository\cpp\objectfactories\widgetfactory\debug\widgetfactory.exe
c:\su\repository\cpp\objectfactories\widgetfactory\debug\widgetfactory.pdb
c:\su\repository\cpp\objectfactories\widgetfactory\widgetfactory\debug\widgetfactory.tlog\cl.command.1.tlog
c:\su\repository\cpp\objectfactories\widgetfactory\widgetfactory\debug\widgetfactory.tlog\cl.read.1.tlog
c:\su\repository\cpp\objectfactories\widgetfactory\widgetfactory\debug\widgetfactory.tlog\cl.write.1.tlog
c:\su\repository\cpp\objectfactories\widgetfactory\widgetfactory\debug\widgetfactory.tlog\link.command.1.tlog
c:\su\repository\cpp\objectfactories\widgetfactory\widgetfactory\debug\widgetfactory.tlog\link.read.1.tlog
c:\su\repository\cpp\objectfactories\widgetfactory\widgetfactory\debug\widgetfactory.tlog\link.write.1.tlog
